<?xml version="1.0" encoding="UTF-8"?>
<testsuite xmlns:xsi="http://www.w3.org/2001/XMLSchema-instance" xsi:noNamespaceSchemaLocation="https://maven.apache.org/surefire/maven-surefire-plugin/xsd/surefire-test-report.xsd" name="DAL.ClientDAOTest" time="12.909" tests="3" errors="0" skipped="0" failures="1">
  <properties>
[...]
</properties>
  <testcase name="Insert_cas1 on Insert_cas1(DAL.ClientDAOTest)" classname="DAL.ClientDAOTest" time="4.27">
    <failure message="Error in test insert_cas1 Communications link failure&#10;&#10;The last packet sent successfully to the server was 0 milliseconds ago. The driver has not received any packets from the server." type="java.lang.AssertionError">java.lang.AssertionError: 
Error in test insert_cas1 Communications link failure

The last packet sent successfully to the server was 0 milliseconds ago. The driver has not received any packets from the server.
	at DAL.ClientDAOTest.Insert_cas1(ClientDAOTest.java:74)
</failure>
    <system-out><![CDATA[Error...
]]></system-out>
  </testcase>
  <testcase name="Insert_cas3 on Insert_cas3(DAL.ClientDAOTest)" classname="DAL.ClientDAOTest" time="4.078"/>
  <testcase name="Insert_cas2 on Insert_cas2(DAL.ClientDAOTest)" classname="DAL.ClientDAOTest" time="4.087"/>
</testsuite>